#
# There is insufficient memory for the Java Runtime Environment to continue.
# Native memory allocation (malloc) failed to allocate 1457296 bytes for Chunk::new
# Possible reasons:
#   The system is out of physical RAM or swap space
#   In 32 bit mode, the process size limit was hit
# Possible solutions:
#   Reduce memory load on the system
#   Increase physical memory or swap space
#   Check if swap backing store is full
#   Use 64 bit Java on a 64 bit OS
#   Decrease Java heap size (-Xmx/-Xms)
#   Decrease number of Java threads
#   Decrease Java thread stack sizes (-Xss)
#   Set larger code cache with -XX:ReservedCodeCacheSize=
# This output file may be truncated or incomplete.
#
#  Out of Memory Error (allocation.cpp:390), pid=16664, tid=0x0000000000002a5c
#
# JRE version: Java(TM) SE Runtime Environment (8.0_144-b01) (build 1.8.0_144-b01)
# Java VM: Java HotSpot(TM) 64-Bit Server VM (25.144-b01 mixed mode windows-amd64 compressed oops)
# Failed to write core dump. Minidumps are not enabled by default on client versions of Windows
#

---------------  T H R E A D  ---------------

Current thread (0x0000000017762800):  JavaThread "C2 CompilerThread1" daemon [_thread_in_native, id=10844, stack(0x0000000018eb0000,0x0000000018fb0000)]

Stack: [0x0000000018eb0000,0x0000000018fb0000]
[error occurred during error reporting (printing stack bounds), id 0xc0000005]

Native frames: (J=compiled Java code, j=interpreted, Vv=VM code, C=native code)


Current CompileTask:
C2:   3082 1917       4       java.net.URLClassLoader$1::run (5 bytes)


---------------  P R O C E S S  ---------------

Java Threads: ( => current thread )
  0x00000000190e8800 JavaThread "Service Thread" daemon [_thread_blocked, id=11896, stack(0x00000000194b0000,0x00000000195b0000)]
  0x0000000017766800 JavaThread "C1 CompilerThread2" daemon [_thread_in_native, id=12256, stack(0x0000000018fb0000,0x00000000190b0000)]
=>0x0000000017762800 JavaThread "C2 CompilerThread1" daemon [_thread_in_native, id=10844, stack(0x0000000018eb0000,0x0000000018fb0000)]
  0x0000000017756800 JavaThread "C2 CompilerThread0" daemon [_thread_in_native, id=9876, stack(0x0000000018db0000,0x0000000018eb0000)]
  0x0000000017755000 JavaThread "Attach Listener" daemon [_thread_blocked, id=16408, stack(0x0000000018cb0000,0x0000000018db0000)]
  0x0000000017753800 JavaThread "Signal Dispatcher" daemon [_thread_blocked, id=11440, stack(0x0000000018bb0000,0x0000000018cb0000)]
  0x0000000017740000 JavaThread "Finalizer" daemon [_thread_blocked, id=7012, stack(0x00000000189b0000,0x0000000018ab0000)]
  0x0000000002d05800 JavaThread "Reference Handler" daemon [_thread_blocked, id=7052, stack(0x00000000188b0000,0x00000000189b0000)]
  0x0000000002c17800 JavaThread "main" [_thread_in_native, id=11060, stack(0x0000000002b10000,0x0000000002c10000)]

Other Threads:
  0x0000000017717800 VMThread [stack: 0x00000000187b0000,0x00000000188b0000] [id=12876]
  0x0000000019145000 WatcherThread [stack: 0x00000000195b0000,0x00000000196b0000] [id=1804]

VM state:not at safepoint (normal execution)

VM Mutex/Monitor currently owned by a thread: None

Heap:
 PSYoungGen      total 34304K, used 14084K [0x00000000d6700000, 0x00000000da880000, 0x0000000100000000)
  eden space 29184K, 35% used [0x00000000d6700000,0x00000000d71304a0,0x00000000d8380000)
  from space 5120K, 71% used [0x00000000d8c00000,0x00000000d8f90f18,0x00000000d9100000)
  to   space 8704K, 0% used [0x00000000d8380000,0x00000000d8380000,0x00000000d8c00000)
 ParOldGen       total 55808K, used 5669K [0x0000000083400000, 0x0000000086a80000, 0x00000000d6700000)
  object space 55808K, 10% used [0x0000000083400000,0x0000000083989420,0x0000000086a80000)
 Metaspace       used 24051K, capacity 24954K, committed 25136K, reserved 1071104K
  class space    used 3124K, capacity 3342K, committed 3376K, reserved 1048576K

Card table byte_map: [0x00000000120d0000,0x00000000124c0000] byte_map_base: 0x0000000011cb6000

Marking Bits: (ParMarkBitMap*) 0x000000005a52d850
 Begin Bits: [0x0000000012b60000, 0x0000000014a90000)
 End Bits:   [0x0000000014a90000, 0x00000000169c0000)

Polling page: 0x00000000009e0000

CodeCache: size=245760Kb used=6516Kb max_used=6516Kb free=239243Kb
 bounds [0x0000000002d10000, 0x0000000003380000, 0x0000000011d10000]
 total_blobs=2448 nmethods=2067 adapters=293
 compilation: enabled

Compilation events (10 events):
Event: 3.072 Thread 0x0000000017766800 nmethod 2068 0x000000000336e990 code [0x000000000336eae0, 0x000000000336ebf0]
Event: 3.072 Thread 0x0000000017766800 2069       3       org.slf4j.impl.StaticLoggerBinder::getSingleton (4 bytes)
Event: 3.072 Thread 0x0000000017766800 nmethod 2069 0x000000000336ec50 code [0x000000000336eda0, 0x000000000336eed0]
Event: 3.073 Thread 0x0000000017766800 2070       1       org.springframework.boot.autoconfigure.condition.ConditionOutcome::isMatch (5 bytes)
Event: 3.073 Thread 0x0000000017766800 nmethod 2070 0x000000000336ef50 code [0x000000000336f0a0, 0x000000000336f1b0]
Event: 3.080 Thread 0x0000000017766800 2071       3       org.springframework.core.type.classreading.MergedAnnotationReadingVisitor::visitEnd (31 bytes)
Event: 3.080 Thread 0x0000000017766800 nmethod 2071 0x000000000336f210 code [0x000000000336f380, 0x000000000336f658]
Event: 3.081 Thread 0x0000000017766800 2072       3       org.springframework.core.annotation.TypeMappedAnnotation::isFiltered (28 bytes)
Event: 3.081 Thread 0x0000000017766800 nmethod 2072 0x000000000336f790 code [0x000000000336f900, 0x000000000336fbc8]
Event: 3.081 Thread 0x0000000017766800 2073       3       org.springframework.core.annotation.TypeMappedAnnotation::getValue (41 bytes)

GC Heap History (10 events):
Event: 1.348 GC heap before
{Heap before GC invocations=3 (full 0):
 PSYoungGen      total 37888K, used 37883K [0x00000000d6700000, 0x00000000d9100000, 0x0000000100000000)
  eden space 32768K, 100% used [0x00000000d6700000,0x00000000d8700000,0x00000000d8700000)
  from space 5120K, 99% used [0x00000000d8c00000,0x00000000d90fef28,0x00000000d9100000)
  to   space 5120K, 0% used [0x00000000d8700000,0x00000000d8700000,0x00000000d8c00000)
 ParOldGen       total 86016K, used 361K [0x0000000083400000, 0x0000000088800000, 0x00000000d6700000)
  object space 86016K, 0% used [0x0000000083400000,0x000000008345a760,0x0000000088800000)
 Metaspace       used 14557K, capacity 14918K, committed 15104K, reserved 1062912K
  class space    used 1864K, capacity 1976K, committed 2048K, reserved 1048576K
Event: 1.353 GC heap after
Heap after GC invocations=3 (full 0):
 PSYoungGen      total 37888K, used 5100K [0x00000000d6700000, 0x00000000d9100000, 0x0000000100000000)
  eden space 32768K, 0% used [0x00000000d6700000,0x00000000d6700000,0x00000000d8700000)
  from space 5120K, 99% used [0x00000000d8700000,0x00000000d8bfb340,0x00000000d8c00000)
  to   space 5120K, 0% used [0x00000000d8c00000,0x00000000d8c00000,0x00000000d9100000)
 ParOldGen       total 86016K, used 626K [0x0000000083400000, 0x0000000088800000, 0x00000000d6700000)
  object space 86016K, 0% used [0x0000000083400000,0x000000008349cb98,0x0000000088800000)
 Metaspace       used 14557K, capacity 14918K, committed 15104K, reserved 1062912K
  class space    used 1864K, capacity 1976K, committed 2048K, reserved 1048576K
}
Event: 1.704 GC heap before
{Heap before GC invocations=4 (full 0):
 PSYoungGen      total 37888K, used 37868K [0x00000000d6700000, 0x00000000d9100000, 0x0000000100000000)
  eden space 32768K, 100% used [0x00000000d6700000,0x00000000d8700000,0x00000000d8700000)
  from space 5120K, 99% used [0x00000000d8700000,0x00000000d8bfb340,0x00000000d8c00000)
  to   space 5120K, 0% used [0x00000000d8c00000,0x00000000d8c00000,0x00000000d9100000)
 ParOldGen       total 86016K, used 626K [0x0000000083400000, 0x0000000088800000, 0x00000000d6700000)
  object space 86016K, 0% used [0x0000000083400000,0x000000008349cb98,0x0000000088800000)
 Metaspace       used 19290K, capacity 19924K, committed 20096K, reserved 1067008K
  class space    used 2477K, capacity 2639K, committed 2688K, reserved 1048576K
Event: 1.712 GC heap after
Heap after GC invocations=4 (full 0):
 PSYoungGen      total 37888K, used 5110K [0x00000000d6700000, 0x00000000d9100000, 0x0000000100000000)
  eden space 32768K, 0% used [0x00000000d6700000,0x00000000d6700000,0x00000000d8700000)
  from space 5120K, 99% used [0x00000000d8c00000,0x00000000d90fd8e0,0x00000000d9100000)
  to   space 5120K, 0% used [0x00000000d8700000,0x00000000d8700000,0x00000000d8c00000)
 ParOldGen       total 86016K, used 4330K [0x0000000083400000, 0x0000000088800000, 0x00000000d6700000)
  object space 86016K, 5% used [0x0000000083400000,0x000000008383aa28,0x0000000088800000)
 Metaspace       used 19290K, capacity 19924K, committed 20096K, reserved 1067008K
  class space    used 2477K, capacity 2639K, committed 2688K, reserved 1048576K
}
Event: 1.855 GC heap before
{Heap before GC invocations=5 (full 0):
 PSYoungGen      total 37888K, used 16318K [0x00000000d6700000, 0x00000000d9100000, 0x0000000100000000)
  eden space 32768K, 34% used [0x00000000d6700000,0x00000000d71f1f88,0x00000000d8700000)
  from space 5120K, 99% used [0x00000000d8c00000,0x00000000d90fd8e0,0x00000000d9100000)
  to   space 5120K, 0% used [0x00000000d8700000,0x00000000d8700000,0x00000000d8c00000)
 ParOldGen       total 86016K, used 4330K [0x0000000083400000, 0x0000000088800000, 0x00000000d6700000)
  object space 86016K, 5% used [0x0000000083400000,0x000000008383aa28,0x0000000088800000)
 Metaspace       used 20604K, capacity 21224K, committed 21296K, reserved 1067008K
  class space    used 2682K, capacity 2855K, committed 2864K, reserved 1048576K
Event: 1.860 GC heap after
Heap after GC invocations=5 (full 0):
 PSYoungGen      total 37888K, used 5098K [0x00000000d6700000, 0x00000000d9100000, 0x0000000100000000)
  eden space 32768K, 0% used [0x00000000d6700000,0x00000000d6700000,0x00000000d8700000)
  from space 5120K, 99% used [0x00000000d8700000,0x00000000d8bfab68,0x00000000d8c00000)
  to   space 5120K, 0% used [0x00000000d8c00000,0x00000000d8c00000,0x00000000d9100000)
 ParOldGen       total 86016K, used 5070K [0x0000000083400000, 0x0000000088800000, 0x00000000d6700000)
  object space 86016K, 5% used [0x0000000083400000,0x00000000838f3ae8,0x0000000088800000)
 Metaspace       used 20604K, capacity 21224K, committed 21296K, reserved 1067008K
  class space    used 2682K, capacity 2855K, committed 2864K, reserved 1048576K
}
Event: 1.860 GC heap before
{Heap before GC invocations=6 (full 1):
 PSYoungGen      total 37888K, used 5098K [0x00000000d6700000, 0x00000000d9100000, 0x0000000100000000)
  eden space 32768K, 0% used [0x00000000d6700000,0x00000000d6700000,0x00000000d8700000)
  from space 5120K, 99% used [0x00000000d8700000,0x00000000d8bfab68,0x00000000d8c00000)
  to   space 5120K, 0% used [0x00000000d8c00000,0x00000000d8c00000,0x00000000d9100000)
 ParOldGen       total 86016K, used 5070K [0x0000000083400000, 0x0000000088800000, 0x00000000d6700000)
  object space 86016K, 5% used [0x0000000083400000,0x00000000838f3ae8,0x0000000088800000)
 Metaspace       used 20604K, capacity 21224K, committed 21296K, reserved 1067008K
  class space    used 2682K, capacity 2855K, committed 2864K, reserved 1048576K
Event: 1.889 GC heap after
Heap after GC invocations=6 (full 1):
 PSYoungGen      total 37888K, used 0K [0x00000000d6700000, 0x00000000d9100000, 0x0000000100000000)
  eden space 32768K, 0% used [0x00000000d6700000,0x00000000d6700000,0x00000000d8700000)
  from space 5120K, 0% used [0x00000000d8700000,0x00000000d8700000,0x00000000d8c00000)
  to   space 5120K, 0% used [0x00000000d8c00000,0x00000000d8c00000,0x00000000d9100000)
 ParOldGen       total 55808K, used 5661K [0x0000000083400000, 0x0000000086a80000, 0x00000000d6700000)
  object space 55808K, 10% used [0x0000000083400000,0x0000000083987420,0x0000000086a80000)
 Metaspace       used 20602K, capacity 21218K, committed 21296K, reserved 1067008K
  class space    used 2681K, capacity 2854K, committed 2864K, reserved 1048576K
}
Event: 2.942 GC heap before
{Heap before GC invocations=7 (full 1):
 PSYoungGen      total 37888K, used 32768K [0x00000000d6700000, 0x00000000d9100000, 0x0000000100000000)
  eden space 32768K, 100% used [0x00000000d6700000,0x00000000d8700000,0x00000000d8700000)
  from space 5120K, 0% used [0x00000000d8700000,0x00000000d8700000,0x00000000d8c00000)
  to   space 5120K, 0% used [0x00000000d8c00000,0x00000000d8c00000,0x00000000d9100000)
 ParOldGen       total 55808K, used 5661K [0x0000000083400000, 0x0000000086a80000, 0x00000000d6700000)
  object space 55808K, 10% used [0x0000000083400000,0x0000000083987420,0x0000000086a80000)
 Metaspace       used 23529K, capacity 24434K, committed 24624K, reserved 1071104K
  class space    used 3073K, capacity 3302K, committed 3376K, reserved 1048576K
Event: 2.945 GC heap after
Heap after GC invocations=7 (full 1):
 PSYoungGen      total 34304K, used 3651K [0x00000000d6700000, 0x00000000da880000, 0x0000000100000000)
  eden space 29184K, 0% used [0x00000000d6700000,0x00000000d6700000,0x00000000d8380000)
  from space 5120K, 71% used [0x00000000d8c00000,0x00000000d8f90f18,0x00000000d9100000)
  to   space 8704K, 0% used [0x00000000d8380000,0x00000000d8380000,0x00000000d8c00000)
 ParOldGen       total 55808K, used 5669K [0x0000000083400000, 0x0000000086a80000, 0x00000000d6700000)
  object space 55808K, 10% used [0x0000000083400000,0x0000000083989420,0x0000000086a80000)
 Metaspace       used 23529K, capacity 24434K, committed 24624K, reserved 1071104K
  class space    used 3073K, capacity 3302K, committed 3376K, reserved 1048576K
}

Deoptimization events (10 events):
Event: 2.709 Thread 0x0000000002c17800 Uncommon trap: reason=predicate action=maybe_recompile pc=0x00000000032b29cc method=java.util.AbstractCollection.toArray([Ljava/lang/Object;)[Ljava/lang/Object; @ 49
Event: 2.722 Thread 0x0000000002c17800 Uncommon trap: reason=array_check action=maybe_recompile pc=0x00000000032b67c0 method=java.util.AbstractCollection.toArray([Ljava/lang/Object;)[Ljava/lang/Object; @ 119
Event: 2.722 Thread 0x0000000002c17800 Uncommon trap: reason=array_check action=maybe_recompile pc=0x00000000032b67c0 method=java.util.AbstractCollection.toArray([Ljava/lang/Object;)[Ljava/lang/Object; @ 119
Event: 2.723 Thread 0x0000000002c17800 Uncommon trap: reason=array_check action=maybe_recompile pc=0x00000000032b67c0 method=java.util.AbstractCollection.toArray([Ljava/lang/Object;)[Ljava/lang/Object; @ 119
Event: 2.723 Thread 0x0000000002c17800 Uncommon trap: reason=array_check action=maybe_recompile pc=0x00000000032b67c0 method=java.util.AbstractCollection.toArray([Ljava/lang/Object;)[Ljava/lang/Object; @ 119
Event: 2.784 Thread 0x0000000002c17800 Uncommon trap: reason=class_check action=maybe_recompile pc=0x00000000030a9ce4 method=java.util.HashMap.putVal(ILjava/lang/Object;Ljava/lang/Object;ZZ)Ljava/lang/Object; @ 203
Event: 2.871 Thread 0x0000000002c17800 Uncommon trap: reason=unstable_if action=reinterpret pc=0x0000000002fadfb4 method=java.io.WinNTFileSystem.normalize(Ljava/lang/String;)Ljava/lang/String; @ 128
Event: 2.926 Thread 0x0000000002c17800 Uncommon trap: reason=unstable_if action=reinterpret pc=0x00000000032480ac method=java.util.Hashtable$Enumerator.nextElement()Ljava/lang/Object; @ 71
Event: 2.926 Thread 0x0000000002c17800 Uncommon trap: reason=unstable_if action=reinterpret pc=0x00000000031e8abc method=java.util.Hashtable$Enumerator.nextElement()Ljava/lang/Object; @ 71
Event: 3.009 Thread 0x0000000002c17800 Uncommon trap: reason=class_check action=maybe_recompile pc=0x00000000030a70b8 method=java.util.HashMap.putVal(ILjava/lang/Object;Ljava/lang/Object;ZZ)Ljava/lang/Object; @ 203

Internal exceptions (10 events):
Event: 2.856 Thread 0x0000000002c17800 Exception <a 'java/lang/ClassNotFoundException': org/springframework/core/PriorityOrderedCustomizer> (0x00000000d80065a8) thrown at [C:\re\workspace\8-2-build-windows-amd64-cygwin\jdk8u144\9417\hotspot\src\share\vm\classfile\systemDictionary.cpp, line 210
Event: 2.857 Thread 0x0000000002c17800 Exception <a 'java/lang/ClassNotFoundException': org/springframework/core/OrderedCustomizer> (0x00000000d801d460) thrown at [C:\re\workspace\8-2-build-windows-amd64-cygwin\jdk8u144\9417\hotspot\src\share\vm\classfile\systemDictionary.cpp, line 210]
Event: 2.859 Thread 0x0000000002c17800 Exception <a 'java/lang/ClassNotFoundException': org/springframework/context/ResourceLoaderAwareCustomizer> (0x00000000d803ad10) thrown at [C:\re\workspace\8-2-build-windows-amd64-cygwin\jdk8u144\9417\hotspot\src\share\vm\classfile\systemDictionary.cpp, l
Event: 2.860 Thread 0x0000000002c17800 Exception <a 'java/lang/ClassNotFoundException': org/springframework/beans/factory/AwareCustomizer> (0x00000000d8055b30) thrown at [C:\re\workspace\8-2-build-windows-amd64-cygwin\jdk8u144\9417\hotspot\src\share\vm\classfile\systemDictionary.cpp, line 210]
Event: 2.860 Thread 0x0000000002c17800 Exception <a 'java/lang/ClassNotFoundException': org/springframework/beans/factory/BeanClassLoaderAwareCustomizer> (0x00000000d80755d8) thrown at [C:\re\workspace\8-2-build-windows-amd64-cygwin\jdk8u144\9417\hotspot\src\share\vm\classfile\systemDictionary
Event: 2.861 Thread 0x0000000002c17800 Exception <a 'java/lang/ClassNotFoundException': org/springframework/beans/factory/AwareCustomizer> (0x00000000d80904a0) thrown at [C:\re\workspace\8-2-build-windows-amd64-cygwin\jdk8u144\9417\hotspot\src\share\vm\classfile\systemDictionary.cpp, line 210]
Event: 2.862 Thread 0x0000000002c17800 Exception <a 'java/lang/ClassNotFoundException': org/springframework/context/EnvironmentAwareCustomizer> (0x00000000d80ac128) thrown at [C:\re\workspace\8-2-build-windows-amd64-cygwin\jdk8u144\9417\hotspot\src\share\vm\classfile\systemDictionary.cpp, line
Event: 2.866 Thread 0x0000000002c17800 Exception <a 'java/lang/ClassNotFoundException': org/springframework/beans/factory/AwareCustomizer> (0x00000000d80c6f10) thrown at [C:\re\workspace\8-2-build-windows-amd64-cygwin\jdk8u144\9417\hotspot\src\share\vm\classfile\systemDictionary.cpp, line 210]
Event: 2.910 Thread 0x0000000002c17800 Exception <a 'java/lang/NoSuchMethodError': java.lang.Object.lambda$or$2(Ljava/util/function/Predicate;Ljava/lang/Object;)Z> (0x00000000d8204e58) thrown at [C:\re\workspace\8-2-build-windows-amd64-cygwin\jdk8u144\9417\hotspot\src\share\vm\interpreter\link
Event: 2.979 Thread 0x0000000002c17800 Exception <a 'java/lang/IncompatibleClassChangeError': Found class java.lang.Object, but interface was expected> (0x00000000d6cf3538) thrown at [C:\re\workspace\8-2-build-windows-amd64-cygwin\jdk8u144\9417\hotspot\src\share\vm\interpreter\linkResolver.cpp

Events (10 events):
Event: 3.052 loading class org/springframework/context/annotation/DeferredImportSelector$Group$Entry
Event: 3.052 loading class org/springframework/context/annotation/DeferredImportSelector$Group$Entry done
Event: 3.052 loading class org/springframework/boot/autoconfigure/AutoConfigurationImportSelector$AutoConfigurationGroup
Event: 3.052 loading class org/springframework/boot/autoconfigure/AutoConfigurationImportSelector$AutoConfigurationGroup done
Event: 3.057 loading class org/springframework/boot/autoconfigure/context/MessageSourceAutoConfiguration$ResourceBundleCondition
Event: 3.057 loading class org/springframework/boot/autoconfigure/context/MessageSourceAutoConfiguration$ResourceBundleCondition done
Event: 3.070 Thread 0x0000000002c17800 DEOPT PACKING pc=0x0000000002e41fcc sp=0x0000000002c0e290
Event: 3.070 Thread 0x0000000002c17800 DEOPT UNPACKING pc=0x0000000002d5787f sp=0x0000000002c0e108 mode 0
Event: 3.072 loading class org/springframework/boot/autoconfigure/condition/OnWebApplicationCondition$1
Event: 3.072 loading class org/springframework/boot/autoconfigure/condition/OnWebApplicationCondition$1 done


Dynamic libraries:
0x00007ff72c5d0000 - 0x00007ff72c607000 	C:\Program Files\Java\jdk1.8.0_144\bin\javaw.exe
0x00007ffdcfbe0000 - 0x00007ffdcfdd0000 	C:\WINDOWS\SYSTEM32\ntdll.dll
0x00007ffdcf5c0000 - 0x00007ffdcf672000 	C:\WINDOWS\System32\KERNEL32.DLL
0x00007ffdcd9e0000 - 0x00007ffdcdc84000 	C:\WINDOWS\System32\KERNELBASE.dll
0x00007ffdcf680000 - 0x00007ffdcf723000 	C:\WINDOWS\System32\ADVAPI32.dll
0x00007ffdcdd10000 - 0x00007ffdcddae000 	C:\WINDOWS\System32\msvcrt.dll
0x00007ffdcf800000 - 0x00007ffdcf897000 	C:\WINDOWS\System32\sechost.dll
0x00007ffdce8a0000 - 0x00007ffdce9c0000 	C:\WINDOWS\System32\RPCRT4.dll
0x00007ffdcf420000 - 0x00007ffdcf5b4000 	C:\WINDOWS\System32\USER32.dll
0x00007ffdccfe0000 - 0x00007ffdcd001000 	C:\WINDOWS\System32\win32u.dll
0x00007ffdce6c0000 - 0x00007ffdce6e6000 	C:\WINDOWS\System32\GDI32.dll
0x00007ffdcd840000 - 0x00007ffdcd9d6000 	C:\WINDOWS\System32\gdi32full.dll
0x00007ffdccf10000 - 0x00007ffdccfae000 	C:\WINDOWS\System32\msvcp_win.dll
0x00007ffdccc60000 - 0x00007ffdccd5a000 	C:\WINDOWS\System32\ucrtbase.dll
0x00007ffdc4870000 - 0x00007ffdc4af4000 	C:\WINDOWS\WinSxS\amd64_microsoft.windows.common-controls_6595b64144ccf1df_6.0.18362.959_none_e6c7bbbf130c62bb\COMCTL32.dll
0x00007ffdceed0000 - 0x00007ffdcf205000 	C:\WINDOWS\System32\combase.dll
0x00007ffdcd030000 - 0x00007ffdcd0b0000 	C:\WINDOWS\System32\bcryptPrimitives.dll
0x00007ffdcee30000 - 0x00007ffdcee5e000 	C:\WINDOWS\System32\IMM32.DLL
0x0000000059b50000 - 0x0000000059c22000 	C:\Program Files\Java\jdk1.8.0_144\jre\bin\msvcr100.dll
0x0000000059d10000 - 0x000000005a5ad000 	C:\Program Files\Java\jdk1.8.0_144\jre\bin\server\jvm.dll
0x00007ffdcee60000 - 0x00007ffdcee68000 	C:\WINDOWS\System32\PSAPI.DLL
0x00007ffdc3510000 - 0x00007ffdc3534000 	C:\WINDOWS\SYSTEM32\WINMM.dll
0x00007ffdc4de0000 - 0x00007ffdc4dea000 	C:\WINDOWS\SYSTEM32\VERSION.dll
0x00007ffdc34e0000 - 0x00007ffdc350d000 	C:\WINDOWS\SYSTEM32\WINMMBASE.dll
0x00007ffdccc10000 - 0x00007ffdccc5a000 	C:\WINDOWS\System32\cfgmgr32.dll
0x00007ffdbf7a0000 - 0x00007ffdbf7a9000 	C:\WINDOWS\SYSTEM32\WSOCK32.dll
0x00007ffdcfa40000 - 0x00007ffdcfaaf000 	C:\WINDOWS\System32\ws2_32.DLL
0x0000000059d00000 - 0x0000000059d0f000 	C:\Program Files\Java\jdk1.8.0_144\jre\bin\verify.dll
0x0000000059cd0000 - 0x0000000059cf9000 	C:\Program Files\Java\jdk1.8.0_144\jre\bin\java.dll
0x0000000059cb0000 - 0x0000000059cc6000 	C:\Program Files\Java\jdk1.8.0_144\jre\bin\zip.dll
0x00007ffdcdef0000 - 0x00007ffdce5d6000 	C:\WINDOWS\System32\SHELL32.dll
0x00007ffdcf370000 - 0x00007ffdcf419000 	C:\WINDOWS\System32\shcore.dll
0x00007ffdcd0b0000 - 0x00007ffdcd832000 	C:\WINDOWS\System32\windows.storage.dll
0x00007ffdccae0000 - 0x00007ffdccb03000 	C:\WINDOWS\System32\profapi.dll
0x00007ffdccb10000 - 0x00007ffdccb5a000 	C:\WINDOWS\System32\powrprof.dll
0x00007ffdcca90000 - 0x00007ffdccaa0000 	C:\WINDOWS\System32\UMPDC.dll
0x00007ffdcdcb0000 - 0x00007ffdcdd02000 	C:\WINDOWS\System32\shlwapi.dll
0x00007ffdccac0000 - 0x00007ffdccad1000 	C:\WINDOWS\System32\kernel.appcore.dll
0x00007ffdcd010000 - 0x00007ffdcd027000 	C:\WINDOWS\System32\cryptsp.dll
0x0000000059c90000 - 0x0000000059caa000 	C:\Program Files\Java\jdk1.8.0_144\jre\bin\net.dll
0x00007ffdcc2a0000 - 0x00007ffdcc307000 	C:\WINDOWS\system32\mswsock.dll
0x00007ffdcbfb0000 - 0x00007ffdcbfea000 	C:\WINDOWS\SYSTEM32\IPHLPAPI.DLL
0x00007ffdcdc90000 - 0x00007ffdcdc98000 	C:\WINDOWS\System32\NSI.dll
0x00007ffdc5bb0000 - 0x00007ffdc5bc6000 	C:\WINDOWS\SYSTEM32\dhcpcsvc6.DLL
0x00007ffdc5d20000 - 0x00007ffdc5d3c000 	C:\WINDOWS\SYSTEM32\dhcpcsvc.DLL
0x00007ffdcbff0000 - 0x00007ffdcc0bb000 	C:\WINDOWS\SYSTEM32\DNSAPI.dll
0x00007ffdc5c70000 - 0x00007ffdc5c7a000 	C:\Windows\System32\rasadhlp.dll
0x00007ffdc5420000 - 0x00007ffdc5497000 	C:\WINDOWS\System32\fwpuclnt.dll
0x00007ffdccfb0000 - 0x00007ffdccfd6000 	C:\WINDOWS\System32\bcrypt.dll
0x0000000059b40000 - 0x0000000059b4d000 	C:\Program Files\Java\jdk1.8.0_144\jre\bin\management.dll
0x00007ffdbe7f0000 - 0x00007ffdbe806000 	C:\WINDOWS\system32\napinsp.dll
0x00007ffdbe700000 - 0x00007ffdbe71a000 	C:\WINDOWS\system32\pnrpnsp.dll
0x00007ffdbe500000 - 0x00007ffdbe50e000 	C:\WINDOWS\System32\winrnr.dll
0x00007ffdc6e10000 - 0x00007ffdc6e2c000 	C:\WINDOWS\system32\NLAapi.dll
0x00007ffdc7ac0000 - 0x00007ffdc7ad5000 	C:\WINDOWS\system32\wshbth.dll
0x0000000059c70000 - 0x0000000059c81000 	C:\Program Files\Java\jdk1.8.0_144\jre\bin\nio.dll

VM Arguments:
jvm_args: -Dfile.encoding=UTF-8 
java_command: org.naren.com.EurekhaProducer.EurekhaProducerApplication
java_class_path (initial): D:\Eureka_Tutorial\EurekhaProducer\target\classes;C:\Users\dell\.m2\repository\org\springframework\boot\spring-boot-starter-web\2.3.2.RELEASE\spring-boot-starter-web-2.3.2.RELEASE.jar;C:\Users\dell\.m2\repository\org\springframework\boot\spring-boot-starter\2.3.2.RELEASE\spring-boot-starter-2.3.2.RELEASE.jar;C:\Users\dell\.m2\repository\org\springframework\boot\spring-boot\2.3.2.RELEASE\spring-boot-2.3.2.RELEASE.jar;C:\Users\dell\.m2\repository\org\springframework\boot\spring-boot-autoconfigure\2.3.2.RELEASE\spring-boot-autoconfigure-2.3.2.RELEASE.jar;C:\Users\dell\.m2\repository\org\springframework\boot\spring-boot-starter-logging\2.3.2.RELEASE\spring-boot-starter-logging-2.3.2.RELEASE.jar;C:\Users\dell\.m2\repository\ch\qos\logback\logback-classic\1.2.3\logback-classic-1.2.3.jar;C:\Users\dell\.m2\repository\ch\qos\logback\logback-core\1.2.3\logback-core-1.2.3.jar;C:\Users\dell\.m2\repository\org\apache\logging\log4j\log4j-to-slf4j\2.13.3\log4j-to-slf4j-2.13.3.jar;C:\Users\dell\.m2\repository\org\apache\logging\log4j\log4j-api\2.13.3\log4j-api-2.13.3.jar;C:\Users\dell\.m2\repository\org\slf4j\jul-to-slf4j\1.7.30\jul-to-slf4j-1.7.30.jar;C:\Users\dell\.m2\repository\jakarta\annotation\jakarta.annotation-api\1.3.5\jakarta.annotation-api-1.3.5.jar;C:\Users\dell\.m2\repository\org\yaml\snakeyaml\1.26\snakeyaml-1.26.jar;C:\Users\dell\.m2\repository\org\springframework\boot\spring-boot-starter-json\2.3.2.RELEASE\spring-boot-starter-json-2.3.2.RELEASE.jar;C:\Users\dell\.m2\repository\com\fasterxml\jackson\core\jackson-databind\2.11.1\jackson-databind-2.11.1.jar;C:\Users\dell\.m2\repository\com\fasterxml\jackson\datatype\jackson-datatype-jdk8\2.11.1\jackson-datatype-jdk8-2.11.1.jar;C:\Users\dell\.m2\repository\com\fasterxml\jackson\datatype\jackson-datatype-jsr310\2.11.1\jackson-datatype-jsr310-2.11.1.jar;C:\Users\dell\.m2\repository\com\fasterxml\jackson\module\jackson-module-parameter-names\2.11.1\jackson-module-parameter-names-2.11.1.jar;C:\U
Launcher Type: SUN_STANDARD

Environment Variables:
JAVA_HOME=C:\Program Files\Java\jdk1.8.0_144\
CLASSPATH=C:\Program Files\Java\jdk1.8.0_144\bin;C:\Program Files\Java\jre1.8.0_144\lib;
PATH=C:/Program Files/Java/jdk1.8.0_144/bin/../jre/bin/server;C:/Program Files/Java/jdk1.8.0_144/bin/../jre/bin;C:/Program Files/Java/jdk1.8.0_144/bin/../jre/lib/amd64;C:\Program Files\Java\jdk1.8.0_144\bin;C:\Program Files\MySQL\MySQL Shell 8.0\bin\;C:\Program Files\Java\jdk1.8.0_144\bin;C:\Users\dell\Downloads\apache-maven-3.6.1-bin\apache-maven-3.6.1\bin;;D:\eclipse-jee-oxygen-R-win32-x86_64\eclipse;
USERNAME=dell
OS=Windows_NT
PROCESSOR_IDENTIFIER=Intel64 Family 6 Model 142 Stepping 9, GenuineIntel



---------------  S Y S T E M  ---------------

OS: Windows 10.0 , 64 bit Build 18362 (10.0.18362.959)

CPU:total 4 (initial active 4) (2 cores per cpu, 2 threads per core) family 6 model 142 stepping 9, cmov, cx8, fxsr, mmx, sse, sse2, sse3, ssse3, sse4.1, sse4.2, popcnt, avx, avx2, aes, clmul, erms, 3dnowpref, lzcnt, ht, tsc, tscinvbit, bmi1, bmi2, adx

Memory: 4k page, physical 8167788k(1676204k free), swap 10106220k(5364k free)

vm_info: Java HotSpot(TM) 64-Bit Server VM (25.144-b01) for windows-amd64 JRE (1.8.0_144-b01), built on Jul 21 2017 21:57:33 by "java_re" with MS VC++ 10.0 (VS2010)

time: Sat Jul 25 23:28:29 2020
elapsed time: 3 seconds (0d 0h 0m 3s)

